<?xml version="1.0" encoding="UTF-8"?>
<!-- Generated by org.testng.reporters.JUnitReportReporter -->
<testsuite hostname="DESKTOP-OQ3S7AV" failures="0" tests="1" name="vTigerContactTestScripts.ContactWithOrgBaseClassTestNg" time="32.428" errors="0" timestamp="2023-02-09T21:27:34 IST" skipped="0">
  <testcase classname="vTigerContactTestScripts.ContactWithOrgBaseClassTestNg" name="creatWithorgTest" time="32.428"/>
  <system-out>
    <![CDATA[---Click on orgaization Link---
---Click on orgaization lookup image---
---Crate orgaization an save---
---orgheader same---
---Click on contactLink---
---create contact loolup image---
---Create new coontact---
---Contact created same---]]>
  </system-out>
</testsuite> <!-- vTigerContactTestScripts.ContactWithOrgBaseClassTestNg -->
