<?xml version="1.0" encoding="UTF-8"?>
<!-- Generated by org.testng.reporters.JUnitReportReporter -->
<testsuite hostname="DESKTOP-OQ3S7AV" failures="0" tests="2" name="Vtiger_Practice.DataProviderPractice" time="0.011" errors="0" timestamp="2023-02-06T15:18:26 IST" skipped="0">
  <testcase classname="Vtiger_Practice.DataProviderPractice" name="addProductToCartTest" time="0.008"/>
  <system-out/>
  <testcase classname="Vtiger_Practice.DataProviderPractice" name="addProductToCartTest" time="0.003"/>
  <system-out/>
</testsuite> <!-- Vtiger_Practice.DataProviderPractice -->
