<?xml version="1.0" encoding="UTF-8"?>
<!-- Generated by org.testng.reporters.JUnitReportReporter -->
<testsuite hostname="DESKTOP-OQ3S7AV" failures="0" tests="1" name="vtigerOrganizationTestScripts.CreateNewOrganizationWithIndustryWithPOMTest" time="16.986" errors="0" timestamp="2023-02-09T21:16:22 IST" skipped="0">
  <testcase classname="vtigerOrganizationTestScripts.CreateNewOrganizationWithIndustryWithPOMTest" name="createOrgTest" time="16.986"/>
  <system-out/>
</testsuite> <!-- vtigerOrganizationTestScripts.CreateNewOrganizationWithIndustryWithPOMTest -->
