<?xml version="1.0" encoding="UTF-8"?>
<!-- Generated by org.testng.reporters.JUnitReportReporter -->
<testsuite hostname="DESKTOP-OQ3S7AV" failures="0" tests="1" name="Vtiger_Practice.ReadDataFromCmdLineTest" time="0.009" errors="0" timestamp="2023-02-09T21:01:21 IST" skipped="0">
  <testcase classname="Vtiger_Practice.ReadDataFromCmdLineTest" name="readData" time="0.009"/>
  <system-out/>
</testsuite> <!-- Vtiger_Practice.ReadDataFromCmdLineTest -->
